
    usuario: lucas
    contraseña 1234
    Fecha y hora actual "2018-11-15T20:55:07.460Z"
    usuario: null
    contraseña: null
    Fecha y hora actual: "2018-11-16T03:13:30.575Z"
    usuario: null
    contraseña: null
    Fecha y hora actual: "2018-11-16T03:14:54.239Z"
    usuario: null
    contraseña: 1234
    Fecha y hora actual: "2018-11-16T03:15:23.976Z"
    usuario: juan
    contraseña: 1234
    Fecha y hora actual: "2018-11-16T03:16:04.234Z"
    usuario: pedro
    contraseña: 4312
    Fecha y hora actual: "2018-11-16T03:17:01.528Z"
    usuario: lucas
    contraseña: asdasd
    Fecha y hora actual: "2018-11-16T03:26:10.156Z"